04/29/20 11:57:59 AM ::f:\dev\test\desk\last\citadel.exe:: 
94 Es müssen zusätzliche Parameter angegeben werden.
Procedure: BILLPRINT.INIT
Line: 1
1:94
2:Es müssen zusätzliche Parameter angegeben werden.
.DOBILLACTION FRSBILLS.DOACTION PBONAPIACTION PROCBILL_CLOSE_BILL CCLOSEBILL.START CCLOSEBILL.TRYTOCLOSE BILLPRINT.INIT ON...

29.04.2020 11:58:00 ::f:\dev\test\desk\last\citadel.exe:: 
2191 Die Datei wird von einer anderen Datensitzung verwendet.
Procedure: TRANSACTOBJECT.MAKETRANSACTABLE
Line: 1877
1:2191
2:Die Datei wird von einer anderen Datensitzung verwendet.
.DOBILLACTION FRSBILLS.DOACTION PBONAPIACTION PROCBILL_CLOSE_BILL CCLOSEBILL.START CCLOSEBILL.TRYTOCLOSE BILLPRINT.INIT OPENFILE DBUSEAREA SETTRANSACTABLE TRANSACTOBJECT.MAKETRANSACTABLE ON...

29.04.2020 11:58:00 ::f:\dev\test\desk\last\citadel.exe:: 
2191 Die Datei wird von einer anderen Datensitzung verwendet.
Procedure: TRANSACTOBJECT.MAKETRANSACTABLE
Line: 1877
1:2191
2:Die Datei wird von einer anderen Datensitzung verwendet.
.DOBILLACTION FRSBILLS.DOACTION PBONAPIACTION PROCBILL_CLOSE_BILL CCLOSEBILL.START CCLOSEBILL.TRYTOCLOSE BILLPRINT.INIT OPENFILE DBUSEAREA SETTRANSACTABLE TRANSACTOBJECT.MAKETRANSACTABLE ON...

29.04.2020 11:58:00 ::f:\dev\test\desk\last\citadel.exe:: 
2191 Die Datei wird von einer anderen Datensitzung verwendet.
Procedure: TRANSACTOBJECT.MAKETRANSACTABLE
Line: 1877
1:2191
2:Die Datei wird von einer anderen Datensitzung verwendet.
.DOBILLACTION FRSBILLS.DOACTION PBONAPIACTION PROCBILL_CLOSE_BILL CCLOSEBILL.START CCLOSEBILL.TRYTOCLOSE BILLPRINT.INIT OPENFILE DBUSEAREA SETTRANSACTABLE TRANSACTOBJECT.MAKETRANSACTABLE ON...

29.04.2020 11:58:00 ::f:\dev\test\desk\last\citadel.exe:: 
2191 Die Datei wird von einer anderen Datensitzung verwendet.
Procedure: TRANSACTOBJECT.MAKETRANSACTABLE
Line: 1877
1:2191
2:Die Datei wird von einer anderen Datensitzung verwendet.
.DOBILLACTION FRSBILLS.DOACTION PBONAPIACTION PROCBILL_CLOSE_BILL CCLOSEBILL.START CCLOSEBILL.TRYTOCLOSE BILLPRINT.INIT OPENFILE DBUSEAREA SETTRANSACTABLE TRANSACTOBJECT.MAKETRANSACTABLE ON...

29.04.2020 11:58:00 ::f:\dev\test\desk\last\citadel.exe:: 
2191 Die Datei wird von einer anderen Datensitzung verwendet.
Procedure: TRANSACTOBJECT.MAKETRANSACTABLE
Line: 1877
1:2191
2:Die Datei wird von einer anderen Datensitzung verwendet.
.DOBILLACTION FRSBILLS.DOACTION PBONAPIACTION PROCBILL_CLOSE_BILL CCLOSEBILL.START CCLOSEBILL.TRYTOCLOSE BILLPRINT.INIT OPENFILE DBUSEAREA SETTRANSACTABLE TRANSACTOBJECT.MAKETRANSACTABLE ON...

29.04.2020 11:58:00 ::f:\dev\test\desk\last\citadel.exe:: 
2191 Die Datei wird von einer anderen Datensitzung verwendet.
Procedure: TRANSACTOBJECT.MAKETRANSACTABLE
Line: 1877
1:2191
2:Die Datei wird von einer anderen Datensitzung verwendet.
.DOBILLACTION FRSBILLS.DOACTION PBONAPIACTION PROCBILL_CLOSE_BILL CCLOSEBILL.START CCLOSEBILL.TRYTOCLOSE BILLPRINT.INIT OPENFILE DBUSEAREA SETTRANSACTABLE TRANSACTOBJECT.MAKETRANSACTABLE ON...

29.04.2020 11:58:00 ::f:\dev\test\desk\last\citadel.exe:: 
2191 Die Datei wird von einer anderen Datensitzung verwendet.
Procedure: TRANSACTOBJECT.MAKETRANSACTABLE
Line: 1877
1:2191
2:Die Datei wird von einer anderen Datensitzung verwendet.
.DOBILLACTION FRSBILLS.DOACTION PBONAPIACTION PROCBILL_CLOSE_BILL CCLOSEBILL.START CCLOSEBILL.TRYTOCLOSE BILLPRINT.INIT OPENFILE DBUSEAREA SETTRANSACTABLE TRANSACTOBJECT.MAKETRANSACTABLE ON...

29.04.2020 11:58:00 ::f:\dev\test\desk\last\citadel.exe:: 
2191 Die Datei wird von einer anderen Datensitzung verwendet.
Procedure: TRANSACTOBJECT.MAKETRANSACTABLE
Line: 1877
1:2191
2:Die Datei wird von einer anderen Datensitzung verwendet.
.DOBILLACTION FRSBILLS.DOACTION PBONAPIACTION PROCBILL_CLOSE_BILL CCLOSEBILL.START CCLOSEBILL.TRYTOCLOSE BILLPRINT.INIT OPENFILE DBUSEAREA SETTRANSACTABLE TRANSACTOBJECT.MAKETRANSACTABLE ON...

29.04.2020 11:58:00 ::f:\dev\test\desk\last\citadel.exe:: 
2191 Die Datei wird von einer anderen Datensitzung verwendet.
Procedure: TRANSACTOBJECT.MAKETRANSACTABLE
Line: 1877
1:2191
2:Die Datei wird von einer anderen Datensitzung verwendet.
.DOBILLACTION FRSBILLS.DOACTION PBONAPIACTION PROCBILL_CLOSE_BILL CCLOSEBILL.START CCLOSEBILL.TRYTOCLOSE BILLPRINT.INIT OPENFILE DBUSEAREA SETTRANSACTABLE TRANSACTOBJECT.MAKETRANSACTABLE ON...

29.04.2020 11:58:00 ::f:\dev\test\desk\last\citadel.exe:: 
2191 Die Datei wird von einer anderen Datensitzung verwendet.
Procedure: TRANSACTOBJECT.MAKETRANSACTABLE
Line: 1877
1:2191
2:Die Datei wird von einer anderen Datensitzung verwendet.
.DOBILLACTION FRSBILLS.DOACTION PBONAPIACTION PROCBILL_CLOSE_BILL CCLOSEBILL.START CCLOSEBILL.TRYTOCLOSE BILLPRINT.INIT OPENFILE DBUSEAREA SETTRANSACTABLE TRANSACTOBJECT.MAKETRANSACTABLE ON...

29.04.2020 11:58:00 ::f:\dev\test\desk\last\citadel.exe:: 
2191 Die Datei wird von einer anderen Datensitzung verwendet.
Procedure: TRANSACTOBJECT.MAKETRANSACTABLE
Line: 1877
1:2191
2:Die Datei wird von einer anderen Datensitzung verwendet.
.DOBILLACTION FRSBILLS.DOACTION PBONAPIACTION PROCBILL_CLOSE_BILL CCLOSEBILL.START CCLOSEBILL.TRYTOCLOSE BILLPRINT.INIT OPENFILE DBUSEAREA SETTRANSACTABLE TRANSACTOBJECT.MAKETRANSACTABLE ON...

29.04.2020 11:58:00 ::f:\dev\test\desk\last\citadel.exe:: 
2191 Die Datei wird von einer anderen Datensitzung verwendet.
Procedure: TRANSACTOBJECT.MAKETRANSACTABLE
Line: 1877
1:2191
2:Die Datei wird von einer anderen Datensitzung verwendet.
.DOBILLACTION FRSBILLS.DOACTION PBONAPIACTION PROCBILL_CLOSE_BILL CCLOSEBILL.START CCLOSEBILL.TRYTOCLOSE BILLPRINT.INIT OPENFILE DBUSEAREA SETTRANSACTABLE TRANSACTOBJECT.MAKETRANSACTABLE ON...

29.04.2020 11:58:00 ::f:\dev\test\desk\last\citadel.exe:: 
2191 Die Datei wird von einer anderen Datensitzung verwendet.
Procedure: TRANSACTOBJECT.MAKETRANSACTABLE
Line: 1877
1:2191
2:Die Datei wird von einer anderen Datensitzung verwendet.
.DOBILLACTION FRSBILLS.DOACTION PBONAPIACTION PROCBILL_CLOSE_BILL CCLOSEBILL.START CCLOSEBILL.TRYTOCLOSE BILLPRINT.INIT OPENFILE DBUSEAREA SETTRANSACTABLE TRANSACTOBJECT.MAKETRANSACTABLE ON...

29.04.2020 11:58:00 ::f:\dev\test\desk\last\citadel.exe:: 
2191 Die Datei wird von einer anderen Datensitzung verwendet.
Procedure: TRANSACTOBJECT.MAKETRANSACTABLE
Line: 1877
1:2191
2:Die Datei wird von einer anderen Datensitzung verwendet.
.DOBILLACTION FRSBILLS.DOACTION PBONAPIACTION PROCBILL_CLOSE_BILL CCLOSEBILL.START CCLOSEBILL.TRYTOCLOSE BILLPRINT.INIT OPENFILE DBUSEAREA SETTRANSACTABLE TRANSACTOBJECT.MAKETRANSACTABLE ON...

29.04.2020 11:58:00 ::f:\dev\test\desk\last\citadel.exe:: 
2191 Die Datei wird von einer anderen Datensitzung verwendet.
Procedure: TRANSACTOBJECT.MAKETRANSACTABLE
Line: 1877
1:2191
2:Die Datei wird von einer anderen Datensitzung verwendet.
.DOBILLACTION FRSBILLS.DOACTION PBONAPIACTION PROCBILL_CLOSE_BILL CCLOSEBILL.START CCLOSEBILL.TRYTOCLOSE BILLPRINT.INIT OPENFILE DBUSEAREA SETTRANSACTABLE TRANSACTOBJECT.MAKETRANSACTABLE ON...

29.04.2020 11:58:00 ::f:\dev\test\desk\last\citadel.exe:: 
2191 Die Datei wird von einer anderen Datensitzung verwendet.
Procedure: TRANSACTOBJECT.MAKETRANSACTABLE
Line: 1877
1:2191
2:Die Datei wird von einer anderen Datensitzung verwendet.
.DOBILLACTION FRSBILLS.DOACTION PBONAPIACTION PROCBILL_CLOSE_BILL CCLOSEBILL.START CCLOSEBILL.TRYTOCLOSE BILLPRINT.INIT OPENFILE DBUSEAREA SETTRANSACTABLE TRANSACTOBJECT.MAKETRANSACTABLE ON...

